[0.643s] Invoking command in '/home/ispaik06/robot_ws/build/serial': CMAKE_PREFIX_PATH=${CMAKE_PREFIX_PATH}:/home/ispaik06/robot_ws/install/serial_motor_demo:/home/ispaik06/robot_ws/install/joy_tester:/opt/ros/foxy /usr/bin/cmake --build /home/ispaik06/robot_ws/build/serial -- -j12 -l12
[0.915s] [ 14%] Built target gtest_main
[0.916s] [ 42%] Built target serial
[0.916s] [ 57%] Built target gtest
[0.917s] [ 71%] Built target serial_example
[0.918s] [ 85%] Built target serial-test-timer
[0.919s] [100%] Built target serial-test
[0.933s] Invoked command in '/home/ispaik06/robot_ws/build/serial' returned '0': CMAKE_PREFIX_PATH=${CMAKE_PREFIX_PATH}:/home/ispaik06/robot_ws/install/serial_motor_demo:/home/ispaik06/robot_ws/install/joy_tester:/opt/ros/foxy /usr/bin/cmake --build /home/ispaik06/robot_ws/build/serial -- -j12 -l12
[0.978s] Invoking command in '/home/ispaik06/robot_ws/build/serial': CMAKE_PREFIX_PATH=${CMAKE_PREFIX_PATH}:/home/ispaik06/robot_ws/install/serial_motor_demo:/home/ispaik06/robot_ws/install/joy_tester:/opt/ros/foxy /usr/bin/cmake --install /home/ispaik06/robot_ws/build/serial
[1.010s] -- Install configuration: ""
[1.011s] -- Execute custom install script
[1.012s] -- Up-to-date symlink: /home/ispaik06/robot_ws/install/serial/lib/libserial.a
[1.013s] -- Up-to-date symlink: /home/ispaik06/robot_ws/install/serial/include/serial/serial.h
[1.013s] -- Up-to-date symlink: /home/ispaik06/robot_ws/install/serial/include/serial/v8stdint.h
[1.013s] -- Up-to-date symlink: /home/ispaik06/robot_ws/install/serial/share/serial/environment/library_path.sh
[1.013s] -- Up-to-date symlink: /home/ispaik06/robot_ws/install/serial/share/serial/environment/library_path.dsv
[1.013s] -- Up-to-date symlink: /home/ispaik06/robot_ws/install/serial/share/ament_index/resource_index/package_run_dependencies/serial
[1.013s] -- Up-to-date symlink: /home/ispaik06/robot_ws/install/serial/share/ament_index/resource_index/parent_prefix_path/serial
[1.013s] -- Up-to-date symlink: /home/ispaik06/robot_ws/install/serial/share/serial/environment/ament_prefix_path.sh
[1.013s] -- Up-to-date symlink: /home/ispaik06/robot_ws/install/serial/share/serial/environment/ament_prefix_path.dsv
[1.013s] -- Up-to-date symlink: /home/ispaik06/robot_ws/install/serial/share/serial/environment/path.sh
[1.014s] -- Up-to-date symlink: /home/ispaik06/robot_ws/install/serial/share/serial/environment/path.dsv
[1.014s] -- Up-to-date symlink: /home/ispaik06/robot_ws/install/serial/share/serial/local_setup.bash
[1.014s] -- Up-to-date symlink: /home/ispaik06/robot_ws/install/serial/share/serial/local_setup.sh
[1.014s] -- Up-to-date symlink: /home/ispaik06/robot_ws/install/serial/share/serial/local_setup.zsh
[1.014s] -- Up-to-date symlink: /home/ispaik06/robot_ws/install/serial/share/serial/local_setup.dsv
[1.014s] -- Symlinking: /home/ispaik06/robot_ws/install/serial/share/serial/package.dsv
[1.014s] -- Up-to-date symlink: /home/ispaik06/robot_ws/install/serial/share/ament_index/resource_index/packages/serial
[1.014s] -- Up-to-date symlink: /home/ispaik06/robot_ws/install/serial/share/serial/cmake/ament_cmake_export_include_directories-extras.cmake
[1.014s] -- Up-to-date symlink: /home/ispaik06/robot_ws/install/serial/share/serial/cmake/ament_cmake_export_libraries-extras.cmake
[1.014s] -- Up-to-date symlink: /home/ispaik06/robot_ws/install/serial/share/serial/cmake/serialConfig.cmake
[1.014s] -- Up-to-date symlink: /home/ispaik06/robot_ws/install/serial/share/serial/cmake/serialConfig-version.cmake
[1.014s] -- Up-to-date symlink: /home/ispaik06/robot_ws/install/serial/share/serial/package.xml
[1.124s] Invoked command in '/home/ispaik06/robot_ws/build/serial' returned '0': CMAKE_PREFIX_PATH=${CMAKE_PREFIX_PATH}:/home/ispaik06/robot_ws/install/serial_motor_demo:/home/ispaik06/robot_ws/install/joy_tester:/opt/ros/foxy /usr/bin/cmake --install /home/ispaik06/robot_ws/build/serial
