[0.488s] Invoking command in '/home/ispaik06/robot_ws/build/ydlidar': CMAKE_PREFIX_PATH=${CMAKE_PREFIX_PATH}:/home/ispaik06/robot_ws/install/serial_motor_demo:/home/ispaik06/robot_ws/install/joy_tester:/opt/ros/foxy /usr/bin/cmake --build /home/ispaik06/robot_ws/build/ydlidar -- -j12 -l12
[0.554s] [ 81%] Built target ydlidar_node
[0.562s] [100%] Built target ydlidar_client
[0.591s] Invoked command in '/home/ispaik06/robot_ws/build/ydlidar' returned '0': CMAKE_PREFIX_PATH=${CMAKE_PREFIX_PATH}:/home/ispaik06/robot_ws/install/serial_motor_demo:/home/ispaik06/robot_ws/install/joy_tester:/opt/ros/foxy /usr/bin/cmake --build /home/ispaik06/robot_ws/build/ydlidar -- -j12 -l12
[0.972s] Invoking command in '/home/ispaik06/robot_ws/build/ydlidar': CMAKE_PREFIX_PATH=${CMAKE_PREFIX_PATH}:/home/ispaik06/robot_ws/install/serial_motor_demo:/home/ispaik06/robot_ws/install/joy_tester:/opt/ros/foxy /usr/bin/cmake --install /home/ispaik06/robot_ws/build/ydlidar
[0.991s] -- Install configuration: ""
[0.991s] -- Execute custom install script
[0.994s] -- Up-to-date symlink: /home/ispaik06/robot_ws/install/ydlidar/lib/ydlidar/ydlidar_node
[0.994s] -- Up-to-date symlink: /home/ispaik06/robot_ws/install/ydlidar/lib/ydlidar/ydlidar_client
[0.995s] -- Up-to-date symlink: /home/ispaik06/robot_ws/install/ydlidar/share/ydlidar/launch/ydlidar.py
[0.996s] -- Up-to-date symlink: /home/ispaik06/robot_ws/install/ydlidar/share/ydlidar/launch/ydlidar_launch.py
[0.998s] -- Up-to-date symlink: /home/ispaik06/robot_ws/install/ydlidar/share/ydlidar/params/ydlidar.yaml
[0.998s] -- Up-to-date symlink: /home/ispaik06/robot_ws/install/ydlidar/share/ydlidar/startup/initenv.sh
[0.999s] -- Up-to-date symlink: /home/ispaik06/robot_ws/install/ydlidar/share/ament_index/resource_index/package_run_dependencies/ydlidar
[0.999s] -- Up-to-date symlink: /home/ispaik06/robot_ws/install/ydlidar/share/ament_index/resource_index/parent_prefix_path/ydlidar
[0.999s] -- Up-to-date symlink: /home/ispaik06/robot_ws/install/ydlidar/share/ydlidar/environment/ament_prefix_path.sh
[1.002s] -- Up-to-date symlink: /home/ispaik06/robot_ws/install/ydlidar/share/ydlidar/environment/ament_prefix_path.dsv
[1.005s] -- Up-to-date symlink: /home/ispaik06/robot_ws/install/ydlidar/share/ydlidar/environment/path.sh
[1.007s] -- Up-to-date symlink: /home/ispaik06/robot_ws/install/ydlidar/share/ydlidar/environment/path.dsv
[1.007s] -- Up-to-date symlink: /home/ispaik06/robot_ws/install/ydlidar/share/ydlidar/local_setup.bash
[1.008s] -- Up-to-date symlink: /home/ispaik06/robot_ws/install/ydlidar/share/ydlidar/local_setup.sh
[1.008s] -- Up-to-date symlink: /home/ispaik06/robot_ws/install/ydlidar/share/ydlidar/local_setup.zsh
[1.008s] -- Up-to-date symlink: /home/ispaik06/robot_ws/install/ydlidar/share/ydlidar/local_setup.dsv
[1.008s] -- Symlinking: /home/ispaik06/robot_ws/install/ydlidar/share/ydlidar/package.dsv
[1.010s] -- Up-to-date symlink: /home/ispaik06/robot_ws/install/ydlidar/share/ament_index/resource_index/packages/ydlidar
[1.010s] -- Up-to-date symlink: /home/ispaik06/robot_ws/install/ydlidar/share/ydlidar/cmake/ydlidarConfig.cmake
[1.011s] -- Up-to-date symlink: /home/ispaik06/robot_ws/install/ydlidar/share/ydlidar/cmake/ydlidarConfig-version.cmake
[1.011s] -- Up-to-date symlink: /home/ispaik06/robot_ws/install/ydlidar/share/ydlidar/package.xml
[1.395s] Invoked command in '/home/ispaik06/robot_ws/build/ydlidar' returned '0': CMAKE_PREFIX_PATH=${CMAKE_PREFIX_PATH}:/home/ispaik06/robot_ws/install/serial_motor_demo:/home/ispaik06/robot_ws/install/joy_tester:/opt/ros/foxy /usr/bin/cmake --install /home/ispaik06/robot_ws/build/ydlidar
