[0.656s] Invoking command in '/home/ispaik06/robot_ws/build/serial': CMAKE_PREFIX_PATH=${CMAKE_PREFIX_PATH}:/home/ispaik06/robot_ws/install/serial_motor_demo:/home/ispaik06/robot_ws/install/joy_tester:/opt/ros/foxy /usr/bin/cmake --build /home/ispaik06/robot_ws/build/serial -- -j12 -l12
[0.947s] [ 28%] Built target serial
[0.948s] [ 42%] Built target gtest_main
[0.948s] [ 57%] Built target gtest
[0.949s] [ 71%] Built target serial_example
[0.949s] [ 85%] Built target serial-test-timer
[0.951s] [100%] Built target serial-test
[0.966s] Invoked command in '/home/ispaik06/robot_ws/build/serial' returned '0': CMAKE_PREFIX_PATH=${CMAKE_PREFIX_PATH}:/home/ispaik06/robot_ws/install/serial_motor_demo:/home/ispaik06/robot_ws/install/joy_tester:/opt/ros/foxy /usr/bin/cmake --build /home/ispaik06/robot_ws/build/serial -- -j12 -l12
[1.010s] Invoking command in '/home/ispaik06/robot_ws/build/serial': CMAKE_PREFIX_PATH=${CMAKE_PREFIX_PATH}:/home/ispaik06/robot_ws/install/serial_motor_demo:/home/ispaik06/robot_ws/install/joy_tester:/opt/ros/foxy /usr/bin/cmake --install /home/ispaik06/robot_ws/build/serial
[1.041s] -- Install configuration: ""
[1.042s] -- Execute custom install script
[1.043s] -- Up-to-date symlink: /home/ispaik06/robot_ws/install/serial/lib/libserial.a
[1.044s] -- Up-to-date symlink: /home/ispaik06/robot_ws/install/serial/include/serial/serial.h
[1.045s] -- Up-to-date symlink: /home/ispaik06/robot_ws/install/serial/include/serial/v8stdint.h
[1.045s] -- Up-to-date symlink: /home/ispaik06/robot_ws/install/serial/share/serial/environment/library_path.sh
[1.045s] -- Up-to-date symlink: /home/ispaik06/robot_ws/install/serial/share/serial/environment/library_path.dsv
[1.045s] -- Up-to-date symlink: /home/ispaik06/robot_ws/install/serial/share/ament_index/resource_index/package_run_dependencies/serial
[1.047s] -- Up-to-date symlink: /home/ispaik06/robot_ws/install/serial/share/ament_index/resource_index/parent_prefix_path/serial
[1.047s] -- Up-to-date symlink: /home/ispaik06/robot_ws/install/serial/share/serial/environment/ament_prefix_path.sh
[1.047s] -- Up-to-date symlink: /home/ispaik06/robot_ws/install/serial/share/serial/environment/ament_prefix_path.dsv
[1.048s] -- Up-to-date symlink: /home/ispaik06/robot_ws/install/serial/share/serial/environment/path.sh
[1.048s] -- Up-to-date symlink: /home/ispaik06/robot_ws/install/serial/share/serial/environment/path.dsv
[1.049s] -- Up-to-date symlink: /home/ispaik06/robot_ws/install/serial/share/serial/local_setup.bash
[1.049s] -- Up-to-date symlink: /home/ispaik06/robot_ws/install/serial/share/serial/local_setup.sh
[1.050s] -- Up-to-date symlink: /home/ispaik06/robot_ws/install/serial/share/serial/local_setup.zsh
[1.050s] -- Up-to-date symlink: /home/ispaik06/robot_ws/install/serial/share/serial/local_setup.dsv
[1.050s] -- Symlinking: /home/ispaik06/robot_ws/install/serial/share/serial/package.dsv
[1.062s] -- Up-to-date symlink: /home/ispaik06/robot_ws/install/serial/share/ament_index/resource_index/packages/serial
[1.064s] -- Up-to-date symlink: /home/ispaik06/robot_ws/install/serial/share/serial/cmake/ament_cmake_export_include_directories-extras.cmake
[1.064s] -- Up-to-date symlink: /home/ispaik06/robot_ws/install/serial/share/serial/cmake/ament_cmake_export_libraries-extras.cmake
[1.065s] -- Up-to-date symlink: /home/ispaik06/robot_ws/install/serial/share/serial/cmake/serialConfig.cmake
[1.066s] -- Up-to-date symlink: /home/ispaik06/robot_ws/install/serial/share/serial/cmake/serialConfig-version.cmake
[1.066s] -- Up-to-date symlink: /home/ispaik06/robot_ws/install/serial/share/serial/package.xml
[1.189s] Invoked command in '/home/ispaik06/robot_ws/build/serial' returned '0': CMAKE_PREFIX_PATH=${CMAKE_PREFIX_PATH}:/home/ispaik06/robot_ws/install/serial_motor_demo:/home/ispaik06/robot_ws/install/joy_tester:/opt/ros/foxy /usr/bin/cmake --install /home/ispaik06/robot_ws/build/serial
