[0.709s] Invoking command in '/home/ispaik06/robot_ws/build/gazebo_ros2_control': CMAKE_PREFIX_PATH=${CMAKE_PREFIX_PATH}:/home/ispaik06/robot_ws/install/serial_motor_demo:/home/ispaik06/robot_ws/install/joy_tester:/opt/ros/foxy /usr/bin/cmake --build /home/ispaik06/robot_ws/build/gazebo_ros2_control -- -j12 -l12
[0.979s] [ 50%] Built target gazebo_hardware_plugins
[0.980s] [100%] Built target gazebo_ros2_control
[0.996s] Invoked command in '/home/ispaik06/robot_ws/build/gazebo_ros2_control' returned '0': CMAKE_PREFIX_PATH=${CMAKE_PREFIX_PATH}:/home/ispaik06/robot_ws/install/serial_motor_demo:/home/ispaik06/robot_ws/install/joy_tester:/opt/ros/foxy /usr/bin/cmake --build /home/ispaik06/robot_ws/build/gazebo_ros2_control -- -j12 -l12
[1.027s] Invoking command in '/home/ispaik06/robot_ws/build/gazebo_ros2_control': CMAKE_PREFIX_PATH=${CMAKE_PREFIX_PATH}:/home/ispaik06/robot_ws/install/serial_motor_demo:/home/ispaik06/robot_ws/install/joy_tester:/opt/ros/foxy /usr/bin/cmake --install /home/ispaik06/robot_ws/build/gazebo_ros2_control
[1.045s] -- Install configuration: ""
[1.045s] -- Execute custom install script
[1.048s] -- Up-to-date symlink: /home/ispaik06/robot_ws/install/gazebo_ros2_control/lib/libgazebo_ros2_control.so
[1.049s] -- Up-to-date symlink: /home/ispaik06/robot_ws/install/gazebo_ros2_control/lib/libgazebo_hardware_plugins.so
[1.049s] -- Up-to-date symlink: /home/ispaik06/robot_ws/install/gazebo_ros2_control/share/gazebo_ros2_control/environment/library_path.sh
[1.051s] -- Up-to-date symlink: /home/ispaik06/robot_ws/install/gazebo_ros2_control/share/gazebo_ros2_control/environment/library_path.dsv
[1.055s] -- Up-to-date symlink: /home/ispaik06/robot_ws/install/gazebo_ros2_control/include/gazebo_ros2_control/gazebo_ros2_control_plugin.hpp
[1.055s] -- Up-to-date symlink: /home/ispaik06/robot_ws/install/gazebo_ros2_control/include/gazebo_ros2_control/gazebo_system.hpp
[1.056s] -- Up-to-date symlink: /home/ispaik06/robot_ws/install/gazebo_ros2_control/include/gazebo_ros2_control/gazebo_system_interface.hpp
[1.056s] -- Up-to-date symlink: /home/ispaik06/robot_ws/install/gazebo_ros2_control/share/gazebo_ros2_control//gazebo_hardware_plugins.xml
[1.056s] -- Up-to-date symlink: /home/ispaik06/robot_ws/install/gazebo_ros2_control/share/ament_index/resource_index/package_run_dependencies/gazebo_ros2_control
[1.056s] -- Up-to-date symlink: /home/ispaik06/robot_ws/install/gazebo_ros2_control/share/ament_index/resource_index/parent_prefix_path/gazebo_ros2_control
[1.056s] -- Up-to-date symlink: /home/ispaik06/robot_ws/install/gazebo_ros2_control/share/gazebo_ros2_control/environment/ament_prefix_path.sh
[1.056s] -- Up-to-date symlink: /home/ispaik06/robot_ws/install/gazebo_ros2_control/share/gazebo_ros2_control/environment/ament_prefix_path.dsv
[1.056s] -- Up-to-date symlink: /home/ispaik06/robot_ws/install/gazebo_ros2_control/share/gazebo_ros2_control/environment/path.sh
[1.063s] -- Up-to-date symlink: /home/ispaik06/robot_ws/install/gazebo_ros2_control/share/gazebo_ros2_control/environment/path.dsv
[1.063s] -- Up-to-date symlink: /home/ispaik06/robot_ws/install/gazebo_ros2_control/share/gazebo_ros2_control/local_setup.bash
[1.063s] -- Up-to-date symlink: /home/ispaik06/robot_ws/install/gazebo_ros2_control/share/gazebo_ros2_control/local_setup.sh
[1.063s] -- Up-to-date symlink: /home/ispaik06/robot_ws/install/gazebo_ros2_control/share/gazebo_ros2_control/local_setup.zsh
[1.063s] -- Up-to-date symlink: /home/ispaik06/robot_ws/install/gazebo_ros2_control/share/gazebo_ros2_control/local_setup.dsv
[1.064s] -- Symlinking: /home/ispaik06/robot_ws/install/gazebo_ros2_control/share/gazebo_ros2_control/package.dsv
[1.077s] -- Up-to-date symlink: /home/ispaik06/robot_ws/install/gazebo_ros2_control/share/ament_index/resource_index/packages/gazebo_ros2_control
[1.077s] -- Up-to-date symlink: /home/ispaik06/robot_ws/install/gazebo_ros2_control/share/ament_index/resource_index/gazebo_ros2_control__pluginlib__plugin/gazebo_ros2_control
[1.077s] -- Up-to-date symlink: /home/ispaik06/robot_ws/install/gazebo_ros2_control/share/gazebo_ros2_control/cmake/ament_cmake_export_include_directories-extras.cmake
[1.077s] -- Up-to-date symlink: /home/ispaik06/robot_ws/install/gazebo_ros2_control/share/gazebo_ros2_control/cmake/ament_cmake_export_dependencies-extras.cmake
[1.077s] -- Up-to-date symlink: /home/ispaik06/robot_ws/install/gazebo_ros2_control/share/gazebo_ros2_control/cmake/ament_cmake_export_libraries-extras.cmake
[1.077s] -- Up-to-date symlink: /home/ispaik06/robot_ws/install/gazebo_ros2_control/share/gazebo_ros2_control/cmake/gazebo_ros2_controlConfig.cmake
[1.077s] -- Up-to-date symlink: /home/ispaik06/robot_ws/install/gazebo_ros2_control/share/gazebo_ros2_control/cmake/gazebo_ros2_controlConfig-version.cmake
[1.077s] -- Up-to-date symlink: /home/ispaik06/robot_ws/install/gazebo_ros2_control/share/gazebo_ros2_control/package.xml
[1.175s] Invoked command in '/home/ispaik06/robot_ws/build/gazebo_ros2_control' returned '0': CMAKE_PREFIX_PATH=${CMAKE_PREFIX_PATH}:/home/ispaik06/robot_ws/install/serial_motor_demo:/home/ispaik06/robot_ws/install/joy_tester:/opt/ros/foxy /usr/bin/cmake --install /home/ispaik06/robot_ws/build/gazebo_ros2_control
