[0.416s] Invoking command in '/home/ispaik06/robot_ws/build/diffdrive_arduino': CMAKE_PREFIX_PATH=/home/ispaik06/robot_ws/install/serial:/home/ispaik06/robot_ws/install/ydlidar_sdk:/home/ispaik06/robot_ws/install/ydlidar:/home/ispaik06/robot_ws/install/urdf_example:/home/ispaik06/robot_ws/install/serial_motor_demo_msgs:/home/ispaik06/robot_ws/install/diffdrive_arduino:/home/ispaik06/robot_ws/install/sasa_bot:/home/ispaik06/robot_ws/install/gazebo_ros2_control_demos:/home/ispaik06/robot_ws/install/gazebo_ros2_control:/home/ispaik06/robot_ws/install/articubot_one:/home/ispaik06/robot_ws/install/serial_motor_demo:/home/ispaik06/robot_ws/install/joy_tester:/opt/ros/foxy /usr/bin/cmake --build /home/ispaik06/robot_ws/build/diffdrive_arduino -- -j12 -l12
[0.618s] [ 42%] Built target fake_robot
[0.619s] [100%] Built target diffdrive_arduino
[0.817s] Invoked command in '/home/ispaik06/robot_ws/build/diffdrive_arduino' returned '0': CMAKE_PREFIX_PATH=/home/ispaik06/robot_ws/install/serial:/home/ispaik06/robot_ws/install/ydlidar_sdk:/home/ispaik06/robot_ws/install/ydlidar:/home/ispaik06/robot_ws/install/urdf_example:/home/ispaik06/robot_ws/install/serial_motor_demo_msgs:/home/ispaik06/robot_ws/install/diffdrive_arduino:/home/ispaik06/robot_ws/install/sasa_bot:/home/ispaik06/robot_ws/install/gazebo_ros2_control_demos:/home/ispaik06/robot_ws/install/gazebo_ros2_control:/home/ispaik06/robot_ws/install/articubot_one:/home/ispaik06/robot_ws/install/serial_motor_demo:/home/ispaik06/robot_ws/install/joy_tester:/opt/ros/foxy /usr/bin/cmake --build /home/ispaik06/robot_ws/build/diffdrive_arduino -- -j12 -l12
[1.020s] Invoking command in '/home/ispaik06/robot_ws/build/diffdrive_arduino': CMAKE_PREFIX_PATH=/home/ispaik06/robot_ws/install/serial:/home/ispaik06/robot_ws/install/ydlidar_sdk:/home/ispaik06/robot_ws/install/ydlidar:/home/ispaik06/robot_ws/install/urdf_example:/home/ispaik06/robot_ws/install/serial_motor_demo_msgs:/home/ispaik06/robot_ws/install/diffdrive_arduino:/home/ispaik06/robot_ws/install/sasa_bot:/home/ispaik06/robot_ws/install/gazebo_ros2_control_demos:/home/ispaik06/robot_ws/install/gazebo_ros2_control:/home/ispaik06/robot_ws/install/articubot_one:/home/ispaik06/robot_ws/install/serial_motor_demo:/home/ispaik06/robot_ws/install/joy_tester:/opt/ros/foxy /usr/bin/cmake --install /home/ispaik06/robot_ws/build/diffdrive_arduino
[1.027s] -- Install configuration: ""
[1.028s] -- Execute custom install script
[1.028s] -- Up-to-date symlink: /home/ispaik06/robot_ws/install/diffdrive_arduino/share/diffdrive_arduino//robot_hardware.xml
[1.028s] -- Up-to-date symlink: /home/ispaik06/robot_ws/install/diffdrive_arduino/share/diffdrive_arduino//fake_robot_hardware.xml
[1.029s] -- Up-to-date symlink: /home/ispaik06/robot_ws/install/diffdrive_arduino/lib/libdiffdrive_arduino.so
[1.029s] -- Up-to-date symlink: /home/ispaik06/robot_ws/install/diffdrive_arduino/lib/libfake_robot.so
[1.029s] -- Up-to-date symlink: /home/ispaik06/robot_ws/install/diffdrive_arduino/share/diffdrive_arduino/controllers/robot_controller_example.yaml
[1.029s] -- Up-to-date symlink: /home/ispaik06/robot_ws/install/diffdrive_arduino/share/diffdrive_arduino/fake_robot.launch.py
[1.029s] -- Up-to-date symlink: /home/ispaik06/robot_ws/install/diffdrive_arduino/share/diffdrive_arduino/test_robot.launch.py
[1.029s] -- Up-to-date symlink: /home/ispaik06/robot_ws/install/diffdrive_arduino/share/diffdrive_arduino/environment/library_path.sh
[1.029s] -- Up-to-date symlink: /home/ispaik06/robot_ws/install/diffdrive_arduino/share/diffdrive_arduino/environment/library_path.dsv
[1.029s] -- Up-to-date symlink: /home/ispaik06/robot_ws/install/diffdrive_arduino/share/ament_index/resource_index/package_run_dependencies/diffdrive_arduino
[1.029s] -- Up-to-date symlink: /home/ispaik06/robot_ws/install/diffdrive_arduino/share/ament_index/resource_index/parent_prefix_path/diffdrive_arduino
[1.029s] -- Up-to-date symlink: /home/ispaik06/robot_ws/install/diffdrive_arduino/share/diffdrive_arduino/environment/ament_prefix_path.sh
[1.030s] -- Up-to-date symlink: /home/ispaik06/robot_ws/install/diffdrive_arduino/share/diffdrive_arduino/environment/ament_prefix_path.dsv
[1.030s] -- Up-to-date symlink: /home/ispaik06/robot_ws/install/diffdrive_arduino/share/diffdrive_arduino/environment/path.sh
[1.030s] -- Up-to-date symlink: /home/ispaik06/robot_ws/install/diffdrive_arduino/share/diffdrive_arduino/environment/path.dsv
[1.030s] -- Up-to-date symlink: /home/ispaik06/robot_ws/install/diffdrive_arduino/share/diffdrive_arduino/local_setup.bash
[1.030s] -- Up-to-date symlink: /home/ispaik06/robot_ws/install/diffdrive_arduino/share/diffdrive_arduino/local_setup.sh
[1.030s] -- Up-to-date symlink: /home/ispaik06/robot_ws/install/diffdrive_arduino/share/diffdrive_arduino/local_setup.zsh
[1.030s] -- Up-to-date symlink: /home/ispaik06/robot_ws/install/diffdrive_arduino/share/diffdrive_arduino/local_setup.dsv
[1.030s] -- Symlinking: /home/ispaik06/robot_ws/install/diffdrive_arduino/share/diffdrive_arduino/package.dsv
[1.035s] -- Up-to-date symlink: /home/ispaik06/robot_ws/install/diffdrive_arduino/share/ament_index/resource_index/packages/diffdrive_arduino
[1.035s] -- Up-to-date symlink: /home/ispaik06/robot_ws/install/diffdrive_arduino/share/ament_index/resource_index/hardware_interface__pluginlib__plugin/diffdrive_arduino
[1.036s] -- Up-to-date symlink: /home/ispaik06/robot_ws/install/diffdrive_arduino/share/diffdrive_arduino/cmake/ament_cmake_export_libraries-extras.cmake
[1.036s] -- Up-to-date symlink: /home/ispaik06/robot_ws/install/diffdrive_arduino/share/diffdrive_arduino/cmake/ament_cmake_export_dependencies-extras.cmake
[1.036s] -- Up-to-date symlink: /home/ispaik06/robot_ws/install/diffdrive_arduino/share/diffdrive_arduino/cmake/diffdrive_arduinoConfig.cmake
[1.036s] -- Up-to-date symlink: /home/ispaik06/robot_ws/install/diffdrive_arduino/share/diffdrive_arduino/cmake/diffdrive_arduinoConfig-version.cmake
[1.036s] -- Up-to-date symlink: /home/ispaik06/robot_ws/install/diffdrive_arduino/share/diffdrive_arduino/package.xml
[1.098s] Invoked command in '/home/ispaik06/robot_ws/build/diffdrive_arduino' returned '0': CMAKE_PREFIX_PATH=/home/ispaik06/robot_ws/install/serial:/home/ispaik06/robot_ws/install/ydlidar_sdk:/home/ispaik06/robot_ws/install/ydlidar:/home/ispaik06/robot_ws/install/urdf_example:/home/ispaik06/robot_ws/install/serial_motor_demo_msgs:/home/ispaik06/robot_ws/install/diffdrive_arduino:/home/ispaik06/robot_ws/install/sasa_bot:/home/ispaik06/robot_ws/install/gazebo_ros2_control_demos:/home/ispaik06/robot_ws/install/gazebo_ros2_control:/home/ispaik06/robot_ws/install/articubot_one:/home/ispaik06/robot_ws/install/serial_motor_demo:/home/ispaik06/robot_ws/install/joy_tester:/opt/ros/foxy /usr/bin/cmake --install /home/ispaik06/robot_ws/build/diffdrive_arduino
