[0.097s] Invoking command in '/home/ispaik06/robot_ws/build/gazebo_ros2_control_demos': CMAKE_PREFIX_PATH=/home/ispaik06/robot_ws/install/gazebo_ros2_control:/home/ispaik06/robot_ws/install/ydlidar_sdk:/home/ispaik06/robot_ws/install/ydlidar:/home/ispaik06/robot_ws/install/urdf_example:/home/ispaik06/robot_ws/install/serial_motor_demo_msgs:/home/ispaik06/robot_ws/install/diffdrive_arduino:/home/ispaik06/robot_ws/install/serial:/home/ispaik06/robot_ws/install/sasa_bot:/home/ispaik06/robot_ws/install/gazebo_ros2_control_demos:/home/ispaik06/robot_ws/install/articubot_one:/home/ispaik06/robot_ws/install/serial_motor_demo:/home/ispaik06/robot_ws/install/joy_tester:/opt/ros/foxy LD_LIBRARY_PATH=/home/ispaik06/robot_ws/install/gazebo_ros2_control/lib:/home/ispaik06/robot_ws/install/serial_motor_demo_msgs/lib:/home/ispaik06/robot_ws/install/diffdrive_arduino/lib:/home/ispaik06/robot_ws/install/serial/lib:/usr/lib/x86_64-linux-gnu/gazebo-11/plugins:/opt/ros/foxy/opt/yaml_cpp_vendor/lib:/opt/ros/foxy/opt/rviz_ogre_vendor/lib:/opt/ros/foxy/lib/x86_64-linux-gnu:/opt/ros/foxy/lib /usr/bin/cmake /home/ispaik06/robot_ws/gazebo_ros2_control/gazebo_ros2_control_demos -DAMENT_CMAKE_SYMLINK_INSTALL=1 -DCMAKE_INSTALL_PREFIX=/home/ispaik06/robot_ws/install/gazebo_ros2_control_demos
[0.109s] -- Found ament_cmake: 0.9.12 (/opt/ros/foxy/share/ament_cmake/cmake)
[0.130s] -- Using PYTHON_EXECUTABLE: /usr/bin/python3
[0.253s] -- Override CMake install command with custom implementation using symlinks instead of copying resources
[0.261s] -- Found control_msgs: 2.5.1 (/opt/ros/foxy/share/control_msgs/cmake)
[0.276s] -- Using all available rosidl_typesupport_c: rosidl_typesupport_fastrtps_c;rosidl_typesupport_introspection_c
[0.280s] -- Found rosidl_adapter: 1.3.1 (/opt/ros/foxy/share/rosidl_adapter/cmake)
[0.370s] -- Using all available rosidl_typesupport_cpp: rosidl_typesupport_fastrtps_cpp;rosidl_typesupport_introspection_cpp
[0.649s] -- Found rclcpp: 2.4.3 (/opt/ros/foxy/share/rclcpp/cmake)
[0.671s] -- Found rmw_implementation_cmake: 1.0.4 (/opt/ros/foxy/share/rmw_implementation_cmake/cmake)
[0.672s] -- Using RMW implementation 'rmw_fastrtps_cpp' as default
[0.755s] -- Found rclcpp_action: 2.4.3 (/opt/ros/foxy/share/rclcpp_action/cmake)
[0.778s] -- Found ament_cmake_gtest: 0.9.12 (/opt/ros/foxy/share/ament_cmake_gtest/cmake)
[0.778s] -- Found ament_lint_auto: 0.9.8 (/opt/ros/foxy/share/ament_lint_auto/cmake)
[0.819s] -- Added test 'copyright' to check source files copyright and LICENSE
[0.820s] -- Added test 'cppcheck' to perform static code analysis on C / C++ code
[0.820s] -- Configured cppcheck include dirs: 
[0.820s] -- Configured cppcheck exclude dirs and/or files: 
[0.821s] -- Added test 'cpplint' to check C / C++ code against the Google style
[0.821s] -- Configured cpplint exclude dirs and/or files: 
[0.821s] -- Added test 'flake8' to check Python code syntax and style conventions
[0.821s] -- Added test 'lint_cmake' to check CMake code style
[0.821s] -- Added test 'pep257' to check Python code against some of the style conventions in PEP 257
[0.822s] -- Added test 'uncrustify' to check C / C++ code style
[0.822s] -- Configured uncrustify additional arguments: 
[0.822s] -- Added test 'xmllint' to check XML markup files
[0.824s] -- Configuring done
[0.839s] -- Generating done
[0.840s] -- Build files have been written to: /home/ispaik06/robot_ws/build/gazebo_ros2_control_demos
[0.846s] Invoked command in '/home/ispaik06/robot_ws/build/gazebo_ros2_control_demos' returned '0': CMAKE_PREFIX_PATH=/home/ispaik06/robot_ws/install/gazebo_ros2_control:/home/ispaik06/robot_ws/install/ydlidar_sdk:/home/ispaik06/robot_ws/install/ydlidar:/home/ispaik06/robot_ws/install/urdf_example:/home/ispaik06/robot_ws/install/serial_motor_demo_msgs:/home/ispaik06/robot_ws/install/diffdrive_arduino:/home/ispaik06/robot_ws/install/serial:/home/ispaik06/robot_ws/install/sasa_bot:/home/ispaik06/robot_ws/install/gazebo_ros2_control_demos:/home/ispaik06/robot_ws/install/articubot_one:/home/ispaik06/robot_ws/install/serial_motor_demo:/home/ispaik06/robot_ws/install/joy_tester:/opt/ros/foxy LD_LIBRARY_PATH=/home/ispaik06/robot_ws/install/gazebo_ros2_control/lib:/home/ispaik06/robot_ws/install/serial_motor_demo_msgs/lib:/home/ispaik06/robot_ws/install/diffdrive_arduino/lib:/home/ispaik06/robot_ws/install/serial/lib:/usr/lib/x86_64-linux-gnu/gazebo-11/plugins:/opt/ros/foxy/opt/yaml_cpp_vendor/lib:/opt/ros/foxy/opt/rviz_ogre_vendor/lib:/opt/ros/foxy/lib/x86_64-linux-gnu:/opt/ros/foxy/lib /usr/bin/cmake /home/ispaik06/robot_ws/gazebo_ros2_control/gazebo_ros2_control_demos -DAMENT_CMAKE_SYMLINK_INSTALL=1 -DCMAKE_INSTALL_PREFIX=/home/ispaik06/robot_ws/install/gazebo_ros2_control_demos
[0.847s] Invoking command in '/home/ispaik06/robot_ws/build/gazebo_ros2_control_demos': CMAKE_PREFIX_PATH=/home/ispaik06/robot_ws/install/gazebo_ros2_control:/home/ispaik06/robot_ws/install/ydlidar_sdk:/home/ispaik06/robot_ws/install/ydlidar:/home/ispaik06/robot_ws/install/urdf_example:/home/ispaik06/robot_ws/install/serial_motor_demo_msgs:/home/ispaik06/robot_ws/install/diffdrive_arduino:/home/ispaik06/robot_ws/install/serial:/home/ispaik06/robot_ws/install/sasa_bot:/home/ispaik06/robot_ws/install/gazebo_ros2_control_demos:/home/ispaik06/robot_ws/install/articubot_one:/home/ispaik06/robot_ws/install/serial_motor_demo:/home/ispaik06/robot_ws/install/joy_tester:/opt/ros/foxy LD_LIBRARY_PATH=/home/ispaik06/robot_ws/install/gazebo_ros2_control/lib:/home/ispaik06/robot_ws/install/serial_motor_demo_msgs/lib:/home/ispaik06/robot_ws/install/diffdrive_arduino/lib:/home/ispaik06/robot_ws/install/serial/lib:/usr/lib/x86_64-linux-gnu/gazebo-11/plugins:/opt/ros/foxy/opt/yaml_cpp_vendor/lib:/opt/ros/foxy/opt/rviz_ogre_vendor/lib:/opt/ros/foxy/lib/x86_64-linux-gnu:/opt/ros/foxy/lib /usr/bin/cmake --build /home/ispaik06/robot_ws/build/gazebo_ros2_control_demos -- -j12 -l12
[0.892s] [ 60%] Built target example_velocity
[0.892s] [ 60%] Built target example_effort
[0.892s] [ 60%] Built target example_diff_drive
[0.892s] [ 80%] Built target example_position
[0.897s] [100%] Built target example_gripper
[0.908s] Invoked command in '/home/ispaik06/robot_ws/build/gazebo_ros2_control_demos' returned '0': CMAKE_PREFIX_PATH=/home/ispaik06/robot_ws/install/gazebo_ros2_control:/home/ispaik06/robot_ws/install/ydlidar_sdk:/home/ispaik06/robot_ws/install/ydlidar:/home/ispaik06/robot_ws/install/urdf_example:/home/ispaik06/robot_ws/install/serial_motor_demo_msgs:/home/ispaik06/robot_ws/install/diffdrive_arduino:/home/ispaik06/robot_ws/install/serial:/home/ispaik06/robot_ws/install/sasa_bot:/home/ispaik06/robot_ws/install/gazebo_ros2_control_demos:/home/ispaik06/robot_ws/install/articubot_one:/home/ispaik06/robot_ws/install/serial_motor_demo:/home/ispaik06/robot_ws/install/joy_tester:/opt/ros/foxy LD_LIBRARY_PATH=/home/ispaik06/robot_ws/install/gazebo_ros2_control/lib:/home/ispaik06/robot_ws/install/serial_motor_demo_msgs/lib:/home/ispaik06/robot_ws/install/diffdrive_arduino/lib:/home/ispaik06/robot_ws/install/serial/lib:/usr/lib/x86_64-linux-gnu/gazebo-11/plugins:/opt/ros/foxy/opt/yaml_cpp_vendor/lib:/opt/ros/foxy/opt/rviz_ogre_vendor/lib:/opt/ros/foxy/lib/x86_64-linux-gnu:/opt/ros/foxy/lib /usr/bin/cmake --build /home/ispaik06/robot_ws/build/gazebo_ros2_control_demos -- -j12 -l12
[0.929s] Invoking command in '/home/ispaik06/robot_ws/build/gazebo_ros2_control_demos': CMAKE_PREFIX_PATH=/home/ispaik06/robot_ws/install/gazebo_ros2_control:/home/ispaik06/robot_ws/install/ydlidar_sdk:/home/ispaik06/robot_ws/install/ydlidar:/home/ispaik06/robot_ws/install/urdf_example:/home/ispaik06/robot_ws/install/serial_motor_demo_msgs:/home/ispaik06/robot_ws/install/diffdrive_arduino:/home/ispaik06/robot_ws/install/serial:/home/ispaik06/robot_ws/install/sasa_bot:/home/ispaik06/robot_ws/install/gazebo_ros2_control_demos:/home/ispaik06/robot_ws/install/articubot_one:/home/ispaik06/robot_ws/install/serial_motor_demo:/home/ispaik06/robot_ws/install/joy_tester:/opt/ros/foxy LD_LIBRARY_PATH=/home/ispaik06/robot_ws/install/gazebo_ros2_control/lib:/home/ispaik06/robot_ws/install/serial_motor_demo_msgs/lib:/home/ispaik06/robot_ws/install/diffdrive_arduino/lib:/home/ispaik06/robot_ws/install/serial/lib:/usr/lib/x86_64-linux-gnu/gazebo-11/plugins:/opt/ros/foxy/opt/yaml_cpp_vendor/lib:/opt/ros/foxy/opt/rviz_ogre_vendor/lib:/opt/ros/foxy/lib/x86_64-linux-gnu:/opt/ros/foxy/lib /usr/bin/cmake --install /home/ispaik06/robot_ws/build/gazebo_ros2_control_demos
[0.934s] -- Install configuration: ""
[0.935s] -- Execute custom install script
[0.935s] -- Up-to-date symlink: /home/ispaik06/robot_ws/install/gazebo_ros2_control_demos/share/gazebo_ros2_control_demos//launch/cart_example_effort.launch.py
[0.936s] -- Up-to-date symlink: /home/ispaik06/robot_ws/install/gazebo_ros2_control_demos/share/gazebo_ros2_control_demos//launch/cart_example_position.launch.py
[0.936s] -- Up-to-date symlink: /home/ispaik06/robot_ws/install/gazebo_ros2_control_demos/share/gazebo_ros2_control_demos//launch/cart_example_velocity.launch.py
[0.936s] -- Up-to-date symlink: /home/ispaik06/robot_ws/install/gazebo_ros2_control_demos/share/gazebo_ros2_control_demos//launch/diff_drive.launch.py
[0.936s] -- Up-to-date symlink: /home/ispaik06/robot_ws/install/gazebo_ros2_control_demos/share/gazebo_ros2_control_demos//launch/gripper_mimic_joint_example.launch.py
[0.936s] -- Up-to-date symlink: /home/ispaik06/robot_ws/install/gazebo_ros2_control_demos/share/gazebo_ros2_control_demos//config/cartpole_controller.yaml
[0.936s] -- Up-to-date symlink: /home/ispaik06/robot_ws/install/gazebo_ros2_control_demos/share/gazebo_ros2_control_demos//config/cartpole_controller_effort.yaml
[0.936s] -- Up-to-date symlink: /home/ispaik06/robot_ws/install/gazebo_ros2_control_demos/share/gazebo_ros2_control_demos//config/cartpole_controller_velocity.yaml
[0.936s] -- Up-to-date symlink: /home/ispaik06/robot_ws/install/gazebo_ros2_control_demos/share/gazebo_ros2_control_demos//config/diff_drive_controller.yaml
[0.937s] -- Up-to-date symlink: /home/ispaik06/robot_ws/install/gazebo_ros2_control_demos/share/gazebo_ros2_control_demos//config/gripper_controller.yaml
[0.937s] -- Up-to-date symlink: /home/ispaik06/robot_ws/install/gazebo_ros2_control_demos/share/gazebo_ros2_control_demos//urdf/test_cart_effort.xacro.urdf
[0.937s] -- Up-to-date symlink: /home/ispaik06/robot_ws/install/gazebo_ros2_control_demos/share/gazebo_ros2_control_demos//urdf/test_cart_position.xacro.urdf
[0.937s] -- Up-to-date symlink: /home/ispaik06/robot_ws/install/gazebo_ros2_control_demos/share/gazebo_ros2_control_demos//urdf/test_cart_velocity.xacro.urdf
[0.937s] -- Up-to-date symlink: /home/ispaik06/robot_ws/install/gazebo_ros2_control_demos/share/gazebo_ros2_control_demos//urdf/test_diff_drive.xacro.urdf
[0.937s] -- Up-to-date symlink: /home/ispaik06/robot_ws/install/gazebo_ros2_control_demos/share/gazebo_ros2_control_demos//urdf/test_gripper_mimic_joint.xacro.urdf
[0.937s] -- Up-to-date symlink: /home/ispaik06/robot_ws/install/gazebo_ros2_control_demos/lib/gazebo_ros2_control_demos/example_position
[0.937s] -- Up-to-date symlink: /home/ispaik06/robot_ws/install/gazebo_ros2_control_demos/lib/gazebo_ros2_control_demos/example_velocity
[0.938s] -- Up-to-date symlink: /home/ispaik06/robot_ws/install/gazebo_ros2_control_demos/lib/gazebo_ros2_control_demos/example_effort
[0.938s] -- Up-to-date symlink: /home/ispaik06/robot_ws/install/gazebo_ros2_control_demos/lib/gazebo_ros2_control_demos/example_gripper
[0.938s] -- Up-to-date symlink: /home/ispaik06/robot_ws/install/gazebo_ros2_control_demos/lib/gazebo_ros2_control_demos/example_diff_drive
[0.938s] -- Up-to-date symlink: /home/ispaik06/robot_ws/install/gazebo_ros2_control_demos/share/ament_index/resource_index/package_run_dependencies/gazebo_ros2_control_demos
[0.938s] -- Up-to-date symlink: /home/ispaik06/robot_ws/install/gazebo_ros2_control_demos/share/ament_index/resource_index/parent_prefix_path/gazebo_ros2_control_demos
[0.938s] -- Up-to-date symlink: /home/ispaik06/robot_ws/install/gazebo_ros2_control_demos/share/gazebo_ros2_control_demos/environment/ament_prefix_path.sh
[0.939s] -- Up-to-date symlink: /home/ispaik06/robot_ws/install/gazebo_ros2_control_demos/share/gazebo_ros2_control_demos/environment/ament_prefix_path.dsv
[0.939s] -- Up-to-date symlink: /home/ispaik06/robot_ws/install/gazebo_ros2_control_demos/share/gazebo_ros2_control_demos/environment/path.sh
[0.939s] -- Up-to-date symlink: /home/ispaik06/robot_ws/install/gazebo_ros2_control_demos/share/gazebo_ros2_control_demos/environment/path.dsv
[0.939s] -- Up-to-date symlink: /home/ispaik06/robot_ws/install/gazebo_ros2_control_demos/share/gazebo_ros2_control_demos/local_setup.bash
[0.939s] -- Up-to-date symlink: /home/ispaik06/robot_ws/install/gazebo_ros2_control_demos/share/gazebo_ros2_control_demos/local_setup.sh
[0.940s] -- Up-to-date symlink: /home/ispaik06/robot_ws/install/gazebo_ros2_control_demos/share/gazebo_ros2_control_demos/local_setup.zsh
[0.940s] -- Up-to-date symlink: /home/ispaik06/robot_ws/install/gazebo_ros2_control_demos/share/gazebo_ros2_control_demos/local_setup.dsv
[0.940s] -- Symlinking: /home/ispaik06/robot_ws/install/gazebo_ros2_control_demos/share/gazebo_ros2_control_demos/package.dsv
[0.949s] -- Up-to-date symlink: /home/ispaik06/robot_ws/install/gazebo_ros2_control_demos/share/ament_index/resource_index/packages/gazebo_ros2_control_demos
[0.949s] -- Up-to-date symlink: /home/ispaik06/robot_ws/install/gazebo_ros2_control_demos/share/gazebo_ros2_control_demos/cmake/gazebo_ros2_control_demosConfig.cmake
[0.949s] -- Up-to-date symlink: /home/ispaik06/robot_ws/install/gazebo_ros2_control_demos/share/gazebo_ros2_control_demos/cmake/gazebo_ros2_control_demosConfig-version.cmake
[0.950s] -- Up-to-date symlink: /home/ispaik06/robot_ws/install/gazebo_ros2_control_demos/share/gazebo_ros2_control_demos/package.xml
[0.953s] Invoked command in '/home/ispaik06/robot_ws/build/gazebo_ros2_control_demos' returned '0': CMAKE_PREFIX_PATH=/home/ispaik06/robot_ws/install/gazebo_ros2_control:/home/ispaik06/robot_ws/install/ydlidar_sdk:/home/ispaik06/robot_ws/install/ydlidar:/home/ispaik06/robot_ws/install/urdf_example:/home/ispaik06/robot_ws/install/serial_motor_demo_msgs:/home/ispaik06/robot_ws/install/diffdrive_arduino:/home/ispaik06/robot_ws/install/serial:/home/ispaik06/robot_ws/install/sasa_bot:/home/ispaik06/robot_ws/install/gazebo_ros2_control_demos:/home/ispaik06/robot_ws/install/articubot_one:/home/ispaik06/robot_ws/install/serial_motor_demo:/home/ispaik06/robot_ws/install/joy_tester:/opt/ros/foxy LD_LIBRARY_PATH=/home/ispaik06/robot_ws/install/gazebo_ros2_control/lib:/home/ispaik06/robot_ws/install/serial_motor_demo_msgs/lib:/home/ispaik06/robot_ws/install/diffdrive_arduino/lib:/home/ispaik06/robot_ws/install/serial/lib:/usr/lib/x86_64-linux-gnu/gazebo-11/plugins:/opt/ros/foxy/opt/yaml_cpp_vendor/lib:/opt/ros/foxy/opt/rviz_ogre_vendor/lib:/opt/ros/foxy/lib/x86_64-linux-gnu:/opt/ros/foxy/lib /usr/bin/cmake --install /home/ispaik06/robot_ws/build/gazebo_ros2_control_demos
