[0.682s] Invoking command in '/home/ispaik06/robot_ws/build/gazebo_ros2_control': CMAKE_PREFIX_PATH=${CMAKE_PREFIX_PATH}:/home/ispaik06/robot_ws/install/serial_motor_demo:/home/ispaik06/robot_ws/install/joy_tester:/opt/ros/foxy /usr/bin/cmake /home/ispaik06/robot_ws/gazebo_ros2_control/gazebo_ros2_control -DAMENT_CMAKE_SYMLINK_INSTALL=1 -DCMAKE_INSTALL_PREFIX=/home/ispaik06/robot_ws/install/gazebo_ros2_control
[1.012s] -- Found ament_cmake: 0.9.12 (/opt/ros/foxy/share/ament_cmake/cmake)
[1.014s] -- Using PYTHON_EXECUTABLE: /usr/bin/python3
[1.014s] -- Override CMake install command with custom implementation using symlinks instead of copying resources
[1.015s] -- Found angles: 1.12.6 (/opt/ros/foxy/share/angles/cmake)
[1.015s] -- Found controller_manager: 0.11.0 (/opt/ros/foxy/share/controller_manager/cmake)
[1.016s] -- Using all available rosidl_typesupport_c: rosidl_typesupport_fastrtps_c;rosidl_typesupport_introspection_c
[1.016s] -- Found rosidl_adapter: 1.3.1 (/opt/ros/foxy/share/rosidl_adapter/cmake)
[1.064s] -- Using all available rosidl_typesupport_cpp: rosidl_typesupport_fastrtps_cpp;rosidl_typesupport_introspection_cpp
[1.717s] -- Found rmw_implementation_cmake: 1.0.4 (/opt/ros/foxy/share/rmw_implementation_cmake/cmake)
[1.718s] -- Using RMW implementation 'rmw_fastrtps_cpp' as default
[2.071s] -- Found gazebo_dev: 3.5.3 (/opt/ros/foxy/share/gazebo_dev/cmake)
[2.128s] -- Found DART: /usr/include (Required is at least version "6.6") found components: dart 
[2.166s] -- Found Protobuf: /usr/lib/x86_64-linux-gnu/libprotobuf.so;-lpthread (found version "3.6.1") 
[2.170s] -- Looking for ignition-math6 -- found version 6.15.0
[2.178s] -- Searching for dependencies of ignition-math6
[2.181s] -- Looking for OGRE...
[2.187s] -- Found Ogre Ghadamon (1.9.0)
[2.188s] -- Found OGRE: optimized;/usr/lib/x86_64-linux-gnu/libOgreMain.so;debug;/usr/lib/x86_64-linux-gnu/libOgreMain.so
[2.198s] -- Looking for OGRE_Paging...
[2.199s] -- Found OGRE_Paging: optimized;/usr/lib/x86_64-linux-gnu/libOgrePaging.so;debug;/usr/lib/x86_64-linux-gnu/libOgrePaging.so
[2.200s] -- Looking for OGRE_Terrain...
[2.200s] -- Found OGRE_Terrain: optimized;/usr/lib/x86_64-linux-gnu/libOgreTerrain.so;debug;/usr/lib/x86_64-linux-gnu/libOgreTerrain.so
[2.200s] -- Looking for OGRE_Property...
[2.200s] -- Found OGRE_Property: optimized;/usr/lib/x86_64-linux-gnu/libOgreProperty.so;debug;/usr/lib/x86_64-linux-gnu/libOgreProperty.so
[2.201s] -- Looking for OGRE_RTShaderSystem...
[2.201s] -- Found OGRE_RTShaderSystem: optimized;/usr/lib/x86_64-linux-gnu/libOgreRTShaderSystem.so;debug;/usr/lib/x86_64-linux-gnu/libOgreRTShaderSystem.so
[2.201s] -- Looking for OGRE_Volume...
[2.201s] -- Found OGRE_Volume: optimized;/usr/lib/x86_64-linux-gnu/libOgreVolume.so;debug;/usr/lib/x86_64-linux-gnu/libOgreVolume.so
[2.201s] -- Looking for OGRE_Overlay...
[2.201s] -- Found OGRE_Overlay: optimized;/usr/lib/x86_64-linux-gnu/libOgreOverlay.so;debug;/usr/lib/x86_64-linux-gnu/libOgreOverlay.so
[2.319s] -- Looking for ignition-math6 -- found version 6.15.0
[2.320s] -- Looking for ignition-transport8 -- found version 8.3.0
[2.320s] -- Searching for dependencies of ignition-transport8
[2.346s] -- Found Protobuf: /usr/lib/x86_64-linux-gnu/libprotobuf.so;-lpthread (found suitable version "3.6.1", minimum required is "3") 
[2.366s] -- Config-file not installed for ZeroMQ -- checking for pkg-config
[2.371s] -- Checking for module 'libzmq >= 4'
[2.390s] --   Found libzmq , version 4.3.2
[2.443s] -- Checking for module 'uuid'
[2.467s] --   Found uuid, version 2.34.0
[2.517s] -- Looking for ignition-msgs5 -- found version 5.10.0
[2.517s] -- Searching for dependencies of ignition-msgs5
[2.545s] -- Looking for ignition-math6 -- found version 6.15.0
[2.559s] -- Looking for ignition-msgs5 -- found version 5.10.0
[2.560s] -- Looking for ignition-common3 -- found version 3.14.2
[2.560s] -- Searching for dependencies of ignition-common3
[2.561s] -- Looking for dlfcn.h - found
[2.561s] -- Looking for libdl - found
[2.576s] -- Searching for <ignition-common3> component [graphics]
[2.578s] -- Looking for ignition-common3-graphics -- found version 3.14.2
[2.579s] -- Searching for dependencies of ignition-common3-graphics
[2.579s] -- Looking for ignition-math6 -- found version 6.15.0
[2.582s] -- Looking for ignition-fuel_tools4 -- found version 4.6.0
[2.583s] -- Searching for dependencies of ignition-fuel_tools4
[2.628s] -- Checking for module 'jsoncpp'
[2.648s] --   Found jsoncpp, version 1.7.4
[2.708s] -- Checking for module 'libzip'
[2.727s] --   Found libzip, version 1.5.1
[2.768s] -- Looking for ignition-common3 -- found version 3.14.2
[2.768s] -- Looking for ignition-math6 -- found version 6.15.0
[2.769s] -- Looking for ignition-msgs5 -- found version 5.10.0
[2.771s] -- Gazebo version: 11.11
[2.771s] -- Found gazebo_ros: 3.5.3 (/opt/ros/foxy/share/gazebo_ros/cmake)
[2.780s] -- Found yaml_cpp_vendor: 7.0.3 (/opt/ros/foxy/share/yaml_cpp_vendor/cmake)
[2.780s] -- Setting yaml-cpp_DIR to: '/opt/ros/foxy/share/yaml_cpp_vendor/cmake/../../../opt/yaml_cpp_vendor/lib/cmake/yaml-cpp'
[2.931s] -- Found ament_cmake_gtest: 0.9.12 (/opt/ros/foxy/share/ament_cmake_gtest/cmake)
[2.932s] -- Found ament_lint_auto: 0.9.8 (/opt/ros/foxy/share/ament_lint_auto/cmake)
[2.989s] -- Added test 'copyright' to check source files copyright and LICENSE
[2.989s] -- Added test 'cppcheck' to perform static code analysis on C / C++ code
[2.989s] -- Configured cppcheck include dirs: /home/ispaik06/robot_ws/gazebo_ros2_control/gazebo_ros2_control/include
[2.990s] -- Configured cppcheck exclude dirs and/or files: 
[2.990s] -- Added test 'cpplint' to check C / C++ code against the Google style
[2.991s] -- Configured cpplint exclude dirs and/or files: 
[2.991s] -- Added test 'lint_cmake' to check CMake code style
[2.992s] -- Added test 'uncrustify' to check C / C++ code style
[2.992s] -- Configured uncrustify additional arguments: 
[2.993s] -- Added test 'xmllint' to check XML markup files
[2.998s] -- Configuring done
[3.088s] -- Generating done
[3.092s] -- Build files have been written to: /home/ispaik06/robot_ws/build/gazebo_ros2_control
[3.317s] Invoked command in '/home/ispaik06/robot_ws/build/gazebo_ros2_control' returned '0': CMAKE_PREFIX_PATH=${CMAKE_PREFIX_PATH}:/home/ispaik06/robot_ws/install/serial_motor_demo:/home/ispaik06/robot_ws/install/joy_tester:/opt/ros/foxy /usr/bin/cmake /home/ispaik06/robot_ws/gazebo_ros2_control/gazebo_ros2_control -DAMENT_CMAKE_SYMLINK_INSTALL=1 -DCMAKE_INSTALL_PREFIX=/home/ispaik06/robot_ws/install/gazebo_ros2_control
[3.319s] Invoking command in '/home/ispaik06/robot_ws/build/gazebo_ros2_control': CMAKE_PREFIX_PATH=${CMAKE_PREFIX_PATH}:/home/ispaik06/robot_ws/install/serial_motor_demo:/home/ispaik06/robot_ws/install/joy_tester:/opt/ros/foxy /usr/bin/cmake --build /home/ispaik06/robot_ws/build/gazebo_ros2_control -- -j12 -l12
[3.383s] [ 50%] Built target gazebo_hardware_plugins
[3.387s] [100%] Built target gazebo_ros2_control
[3.540s] Invoked command in '/home/ispaik06/robot_ws/build/gazebo_ros2_control' returned '0': CMAKE_PREFIX_PATH=${CMAKE_PREFIX_PATH}:/home/ispaik06/robot_ws/install/serial_motor_demo:/home/ispaik06/robot_ws/install/joy_tester:/opt/ros/foxy /usr/bin/cmake --build /home/ispaik06/robot_ws/build/gazebo_ros2_control -- -j12 -l12
[3.564s] Invoking command in '/home/ispaik06/robot_ws/build/gazebo_ros2_control': CMAKE_PREFIX_PATH=${CMAKE_PREFIX_PATH}:/home/ispaik06/robot_ws/install/serial_motor_demo:/home/ispaik06/robot_ws/install/joy_tester:/opt/ros/foxy /usr/bin/cmake --install /home/ispaik06/robot_ws/build/gazebo_ros2_control
[3.573s] -- Install configuration: ""
[3.573s] -- Execute custom install script
[3.574s] -- Up-to-date symlink: /home/ispaik06/robot_ws/install/gazebo_ros2_control/lib/libgazebo_ros2_control.so
[3.574s] -- Up-to-date symlink: /home/ispaik06/robot_ws/install/gazebo_ros2_control/lib/libgazebo_hardware_plugins.so
[3.574s] -- Up-to-date symlink: /home/ispaik06/robot_ws/install/gazebo_ros2_control/share/gazebo_ros2_control/environment/library_path.sh
[3.574s] -- Up-to-date symlink: /home/ispaik06/robot_ws/install/gazebo_ros2_control/share/gazebo_ros2_control/environment/library_path.dsv
[3.574s] -- Up-to-date symlink: /home/ispaik06/robot_ws/install/gazebo_ros2_control/include/gazebo_ros2_control/gazebo_ros2_control_plugin.hpp
[3.574s] -- Up-to-date symlink: /home/ispaik06/robot_ws/install/gazebo_ros2_control/include/gazebo_ros2_control/gazebo_system.hpp
[3.575s] -- Up-to-date symlink: /home/ispaik06/robot_ws/install/gazebo_ros2_control/include/gazebo_ros2_control/gazebo_system_interface.hpp
[3.575s] -- Up-to-date symlink: /home/ispaik06/robot_ws/install/gazebo_ros2_control/share/gazebo_ros2_control//gazebo_hardware_plugins.xml
[3.575s] -- Up-to-date symlink: /home/ispaik06/robot_ws/install/gazebo_ros2_control/share/ament_index/resource_index/package_run_dependencies/gazebo_ros2_control
[3.575s] -- Up-to-date symlink: /home/ispaik06/robot_ws/install/gazebo_ros2_control/share/ament_index/resource_index/parent_prefix_path/gazebo_ros2_control
[3.575s] -- Up-to-date symlink: /home/ispaik06/robot_ws/install/gazebo_ros2_control/share/gazebo_ros2_control/environment/ament_prefix_path.sh
[3.575s] -- Up-to-date symlink: /home/ispaik06/robot_ws/install/gazebo_ros2_control/share/gazebo_ros2_control/environment/ament_prefix_path.dsv
[3.576s] -- Up-to-date symlink: /home/ispaik06/robot_ws/install/gazebo_ros2_control/share/gazebo_ros2_control/environment/path.sh
[3.576s] -- Up-to-date symlink: /home/ispaik06/robot_ws/install/gazebo_ros2_control/share/gazebo_ros2_control/environment/path.dsv
[3.576s] -- Up-to-date symlink: /home/ispaik06/robot_ws/install/gazebo_ros2_control/share/gazebo_ros2_control/local_setup.bash
[3.576s] -- Up-to-date symlink: /home/ispaik06/robot_ws/install/gazebo_ros2_control/share/gazebo_ros2_control/local_setup.sh
[3.576s] -- Up-to-date symlink: /home/ispaik06/robot_ws/install/gazebo_ros2_control/share/gazebo_ros2_control/local_setup.zsh
[3.576s] -- Up-to-date symlink: /home/ispaik06/robot_ws/install/gazebo_ros2_control/share/gazebo_ros2_control/local_setup.dsv
[3.577s] -- Symlinking: /home/ispaik06/robot_ws/install/gazebo_ros2_control/share/gazebo_ros2_control/package.dsv
[3.585s] -- Up-to-date symlink: /home/ispaik06/robot_ws/install/gazebo_ros2_control/share/ament_index/resource_index/packages/gazebo_ros2_control
[3.585s] -- Up-to-date symlink: /home/ispaik06/robot_ws/install/gazebo_ros2_control/share/ament_index/resource_index/gazebo_ros2_control__pluginlib__plugin/gazebo_ros2_control
[3.585s] -- Up-to-date symlink: /home/ispaik06/robot_ws/install/gazebo_ros2_control/share/gazebo_ros2_control/cmake/ament_cmake_export_include_directories-extras.cmake
[3.585s] -- Up-to-date symlink: /home/ispaik06/robot_ws/install/gazebo_ros2_control/share/gazebo_ros2_control/cmake/ament_cmake_export_dependencies-extras.cmake
[3.586s] -- Up-to-date symlink: /home/ispaik06/robot_ws/install/gazebo_ros2_control/share/gazebo_ros2_control/cmake/ament_cmake_export_libraries-extras.cmake
[3.586s] -- Up-to-date symlink: /home/ispaik06/robot_ws/install/gazebo_ros2_control/share/gazebo_ros2_control/cmake/gazebo_ros2_controlConfig.cmake
[3.586s] -- Up-to-date symlink: /home/ispaik06/robot_ws/install/gazebo_ros2_control/share/gazebo_ros2_control/cmake/gazebo_ros2_controlConfig-version.cmake
[3.586s] -- Up-to-date symlink: /home/ispaik06/robot_ws/install/gazebo_ros2_control/share/gazebo_ros2_control/package.xml
[3.589s] Invoked command in '/home/ispaik06/robot_ws/build/gazebo_ros2_control' returned '0': CMAKE_PREFIX_PATH=${CMAKE_PREFIX_PATH}:/home/ispaik06/robot_ws/install/serial_motor_demo:/home/ispaik06/robot_ws/install/joy_tester:/opt/ros/foxy /usr/bin/cmake --install /home/ispaik06/robot_ws/build/gazebo_ros2_control
